<?xml version="1.0" encoding="UTF-8"?>
<!-- Generated by org.testng.reporters.JUnitXMLReporter -->
<testsuite ignored="0" hostname="DESKTOP-MNUBRGL" failures="0" tests="3" name="Default test" time="48.884" errors="0" timestamp="2022-06-01T15:34:36 IST">
  <testcase classname="com.crm.qa.testclasses.LoginPageTest" name="checkTitle" time="0.038"/>
  <testcase classname="com.crm.qa.testclasses.LoginPageTest" name="loginWithValidUser" time="1.732"/>
  <testcase classname="com.crm.qa.testclasses.LoginPageTest" name="loginWithinValidData" time="2.0"/>
</testsuite> <!-- Default test -->
