<?xml version="1.0" encoding="UTF-8"?>
<!-- Generated by org.testng.reporters.JUnitXMLReporter -->
<testsuite ignored="0" hostname="DESKTOP-MNUBRGL" failures="0" tests="5" name="crmTest" time="61.795" errors="0" timestamp="2022-05-29T00:37:44 IST">
  <testcase classname="com.crm.qa.testclasses.HomePageTest" name="validateLogo" time="2.369"/>
  <testcase classname="com.crm.qa.testclasses.HomePageTest" name="validateUser" time="1.076"/>
  <testcase classname="com.crm.qa.testclasses.LoginPageTest" name="loginWithinValidData" time="3.008"/>
  <testcase classname="com.crm.qa.testclasses.LoginPageTest" name="checkTitle" time="0.007"/>
  <testcase classname="com.crm.qa.testclasses.LoginPageTest" name="loginWithValidUser" time="2.371"/>
</testsuite> <!-- crmTest -->
