<?xml version="1.0" encoding="UTF-8"?>
<testng-results ignored="0" total="3" passed="3" failed="0" skipped="0">
  <reporter-output>
  </reporter-output>
  <suite started-at="2022-06-01T15:33:46 IST" name="Default suite" finished-at="2022-06-01T15:34:35 IST" duration-ms="48884">
    <groups>
    </groups>
    <test started-at="2022-06-01T15:33:46 IST" name="Default test" finished-at="2022-06-01T15:34:35 IST" duration-ms="48884">
      <class name="com.crm.qa.testclasses.LoginPageTest">
        <test-method is-config="true" signature="init()[pri:0, instance:com.crm.qa.testclasses.LoginPageTest@272ed83b]" started-at="2022-06-01T15:33:47 IST" name="init" finished-at="2022-06-01T15:34:10 IST" duration-ms="23253" status="PASS">
          <reporter-output>
          </reporter-output>
        </test-method> <!-- init -->
        <test-method is-config="true" signature="setupLogin()[pri:0, instance:com.crm.qa.testclasses.LoginPageTest@272ed83b]" started-at="2022-06-01T15:34:10 IST" name="setupLogin" finished-at="2022-06-01T15:34:10 IST" duration-ms="110" status="PASS">
          <reporter-output>
          </reporter-output>
        </test-method> <!-- setupLogin -->
        <test-method signature="checkTitle()[pri:1, instance:com.crm.qa.testclasses.LoginPageTest@272ed83b]" started-at="2022-06-01T15:34:10 IST" name="checkTitle" finished-at="2022-06-01T15:34:10 IST" duration-ms="38" status="PASS">
          <reporter-output>
          </reporter-output>
        </test-method> <!-- checkTitle -->
        <test-method is-config="true" signature="tearDown()[pri:0, instance:com.crm.qa.testclasses.LoginPageTest@272ed83b]" started-at="2022-06-01T15:34:10 IST" name="tearDown" finished-at="2022-06-01T15:34:11 IST" duration-ms="914" status="PASS">
          <reporter-output>
          </reporter-output>
        </test-method> <!-- tearDown -->
        <test-method is-config="true" signature="init()[pri:0, instance:com.crm.qa.testclasses.LoginPageTest@272ed83b]" started-at="2022-06-01T15:34:11 IST" name="init" finished-at="2022-06-01T15:34:20 IST" duration-ms="8932" status="PASS">
          <reporter-output>
          </reporter-output>
        </test-method> <!-- init -->
        <test-method is-config="true" signature="setupLogin()[pri:0, instance:com.crm.qa.testclasses.LoginPageTest@272ed83b]" started-at="2022-06-01T15:34:20 IST" name="setupLogin" finished-at="2022-06-01T15:34:20 IST" duration-ms="1" status="PASS">
          <reporter-output>
          </reporter-output>
        </test-method> <!-- setupLogin -->
        <test-method signature="loginWithValidUser()[pri:2, instance:com.crm.qa.testclasses.LoginPageTest@272ed83b]" started-at="2022-06-01T15:34:20 IST" name="loginWithValidUser" finished-at="2022-06-01T15:34:22 IST" duration-ms="1732" status="PASS">
          <reporter-output>
          </reporter-output>
        </test-method> <!-- loginWithValidUser -->
        <test-method is-config="true" signature="tearDown()[pri:0, instance:com.crm.qa.testclasses.LoginPageTest@272ed83b]" started-at="2022-06-01T15:34:22 IST" name="tearDown" finished-at="2022-06-01T15:34:22 IST" duration-ms="767" status="PASS">
          <reporter-output>
          </reporter-output>
        </test-method> <!-- tearDown -->
        <test-method is-config="true" signature="init()[pri:0, instance:com.crm.qa.testclasses.LoginPageTest@272ed83b]" started-at="2022-06-01T15:34:23 IST" name="init" finished-at="2022-06-01T15:34:33 IST" duration-ms="9638" status="PASS">
          <reporter-output>
          </reporter-output>
        </test-method> <!-- init -->
        <test-method is-config="true" signature="setupLogin()[pri:0, instance:com.crm.qa.testclasses.LoginPageTest@272ed83b]" started-at="2022-06-01T15:34:33 IST" name="setupLogin" finished-at="2022-06-01T15:34:33 IST" duration-ms="1" status="PASS">
          <reporter-output>
          </reporter-output>
        </test-method> <!-- setupLogin -->
        <test-method signature="loginWithinValidData(java.lang.String,java.lang.String)[pri:5, instance:com.crm.qa.testclasses.LoginPageTest@272ed83b]" started-at="2022-06-01T15:34:33 IST" name="loginWithinValidData" data-provider="invalidUser" finished-at="2022-06-01T15:34:35 IST" duration-ms="2000" status="PASS">
          <params>
            <param index="0">
              <value>
                <![CDATA[abcd]]>
              </value>
            </param>
            <param index="1">
              <value>
                <![CDATA[abcd]]>
              </value>
            </param>
          </params>
          <reporter-output>
          </reporter-output>
        </test-method> <!-- loginWithinValidData -->
        <test-method is-config="true" signature="tearDown()[pri:0, instance:com.crm.qa.testclasses.LoginPageTest@272ed83b]" started-at="2022-06-01T15:34:35 IST" name="tearDown" finished-at="2022-06-01T15:34:35 IST" duration-ms="762" status="PASS">
          <reporter-output>
          </reporter-output>
        </test-method> <!-- tearDown -->
      </class> <!-- com.crm.qa.testclasses.LoginPageTest -->
    </test> <!-- Default test -->
  </suite> <!-- Default suite -->
</testng-results>
